<?xml version="1.0" encoding="UTF-8"?>
<!-- Generated by org.testng.reporters.JUnitReportReporter -->
<testsuite skipped="0" hostname="seljvm" name="com.mindtree.Runner.Runner" tests="3" failures="0" timestamp="2022-02-09T14:32:33 UTC" time="45.749" errors="0">
  <testcase name="feature" time="27.183" classname="com.mindtree.Runner.Runner"/>
  <system-out/>
  <testcase name="feature" time="9.005" classname="com.mindtree.Runner.Runner"/>
  <system-out/>
  <testcase name="feature" time="9.561" classname="com.mindtree.Runner.Runner"/>
  <system-out/>
</testsuite> <!-- com.mindtree.Runner.Runner -->
